<?xml version="1.0" encoding="UTF-8"?>
<testng-results ignored="1" total="3" passed="2" failed="0" skipped="0">
  <reporter-output>
  </reporter-output>
  <suite started-at="2021-02-20T07:25:34 PST" name="MySuite" finished-at="2021-02-20T07:25:34 PST" duration-ms="59">
    <groups>
      <group name="sanity">
        <method signature="Test1.method1()[pri:0, instance:test.Test1@117e949d]" name="method1" class="test.Test1"/>
        <method signature="Test2.method3()[pri:0, instance:test.Test2@6db9f5a4]" name="method3" class="test.Test2"/>
      </group> <!-- sanity -->
    </groups>
    <test started-at="2021-02-20T07:25:34 PST" name="LoginTest" finished-at="2021-02-20T07:25:34 PST" duration-ms="59">
      <class name="test.Test2">
        <test-method signature="method3()[pri:0, instance:test.Test2@6db9f5a4]" started-at="2021-02-20T07:25:34 PST" name="method3" finished-at="2021-02-20T07:25:34 PST" duration-ms="2" status="PASS">
          <reporter-output>
          </reporter-output>
        </test-method> <!-- method3 -->
      </class> <!-- test.Test2 -->
      <class name="test.Test1">
        <test-method signature="method1()[pri:0, instance:test.Test1@117e949d]" started-at="2021-02-20T07:25:34 PST" name="method1" finished-at="2021-02-20T07:25:34 PST" duration-ms="9" status="PASS">
          <reporter-output>
          </reporter-output>
        </test-method> <!-- method1 -->
      </class> <!-- test.Test1 -->
    </test> <!-- LoginTest -->
  </suite> <!-- MySuite -->
</testng-results>
