<?xml version="1.0" encoding="UTF-8"?>
<!-- Generated by org.testng.reporters.JUnitXMLReporter -->
<testsuite ignored="1" hostname="LAPTOP-8VA8KHDC" failures="0" tests="2" name="LoginTest" time="0.059" errors="0" timestamp="2021-02-20T07:25:34 PST">
  <testcase classname="test.Test1" name="method1" time="0.009"/>
  <testcase classname="test.Test2" name="method3" time="0.002"/>
  <testcase classname="test.Test1" name="method2" time="0.0">
    <ignored/>
  </testcase> <!-- method2 -->
</testsuite> <!-- LoginTest -->
